Copyright 1986-2019 Xilinx, Inc. All Rights Reserved.
------------------------------------------------------------------------------------
| Tool Version : Vivado v.2019.1 (win64) Build 2552052 Fri May 24 14:49:42 MDT 2019
| Date         : Tue Jul  9 19:11:24 2019
| Host         : Lazarus running 64-bit major release  (build 9200)
| Command      : upgrade_ip
| Device       : xc7z020clg400-1
------------------------------------------------------------------------------------

Upgrade Log for IP 'design_1_accelerator_function_0_0'

1. Summary
----------

SUCCESS in the upgrade of design_1_accelerator_function_0_0 (xilinx.com:hls:accelerator_function:1.0) from (Rev. 1907091748) to (Rev. 1907091910)






Copyright 1986-2019 Xilinx, Inc. All Rights Reserved.
------------------------------------------------------------------------------------
| Tool Version : Vivado v.2019.1 (win64) Build 2552052 Fri May 24 14:49:42 MDT 2019
| Date         : Tue Jul  9 17:49:10 2019
| Host         : Lazarus running 64-bit major release  (build 9200)
| Command      : upgrade_ip
| Device       : xc7z020clg400-1
------------------------------------------------------------------------------------

Upgrade Log for IP 'design_1_accelerator_function_0_0'

1. Summary
----------

SUCCESS in the upgrade of design_1_accelerator_function_0_0 (xilinx.com:hls:accelerator_function:1.0) from (Rev. 1907091652) to (Rev. 1907091748)






Copyright 1986-2019 Xilinx, Inc. All Rights Reserved.
------------------------------------------------------------------------------------
| Tool Version : Vivado v.2019.1 (win64) Build 2552052 Fri May 24 14:49:42 MDT 2019
| Date         : Tue Jul  9 16:53:37 2019
| Host         : Lazarus running 64-bit major release  (build 9200)
| Command      : upgrade_ip
| Device       : xc7z020clg400-1
------------------------------------------------------------------------------------

Upgrade Log for IP 'design_1_accelerator_function_0_0'

1. Summary
----------

SUCCESS in the upgrade of design_1_accelerator_function_0_0 (xilinx.com:hls:accelerator_function:1.0) from (Rev. 1907091357) to (Rev. 1907091652)






Copyright 1986-2019 Xilinx, Inc. All Rights Reserved.
------------------------------------------------------------------------------------
| Tool Version : Vivado v.2019.1 (win64) Build 2552052 Fri May 24 14:49:42 MDT 2019
| Date         : Tue Jul  9 13:58:13 2019
| Host         : Lazarus running 64-bit major release  (build 9200)
| Command      : upgrade_ip
| Device       : xc7z020clg400-1
------------------------------------------------------------------------------------

Upgrade Log for IP 'design_1_accelerator_function_0_0'

1. Summary
----------

SUCCESS in the upgrade of design_1_accelerator_function_0_0 (xilinx.com:hls:accelerator_function:1.0) from (Rev. 1907091307) to (Rev. 1907091357)






Copyright 1986-2019 Xilinx, Inc. All Rights Reserved.
------------------------------------------------------------------------------------
| Tool Version : Vivado v.2019.1 (win64) Build 2552052 Fri May 24 14:49:42 MDT 2019
| Date         : Tue Jul  9 13:08:50 2019
| Host         : Lazarus running 64-bit major release  (build 9200)
| Command      : upgrade_ip
| Device       : xc7z020clg400-1
------------------------------------------------------------------------------------

Upgrade Log for IP 'design_1_accelerator_function_0_0'

1. Summary
----------

SUCCESS in the upgrade of design_1_accelerator_function_0_0 (xilinx.com:hls:accelerator_function:1.0) from (Rev. 1907091220) to (Rev. 1907091307)






Copyright 1986-2019 Xilinx, Inc. All Rights Reserved.
------------------------------------------------------------------------------------
| Tool Version : Vivado v.2019.1 (win64) Build 2552052 Fri May 24 14:49:42 MDT 2019
| Date         : Tue Jul  9 12:21:57 2019
| Host         : Lazarus running 64-bit major release  (build 9200)
| Command      : upgrade_ip
| Device       : xc7z020clg400-1
------------------------------------------------------------------------------------

Upgrade Log for IP 'design_1_accelerator_function_0_0'

1. Summary
----------

SUCCESS in the upgrade of design_1_accelerator_function_0_0 (xilinx.com:hls:accelerator_function:1.0) from (Rev. 1907091137) to (Rev. 1907091220)






Copyright 1986-2019 Xilinx, Inc. All Rights Reserved.
------------------------------------------------------------------------------------
| Tool Version : Vivado v.2019.1 (win64) Build 2552052 Fri May 24 14:49:42 MDT 2019
| Date         : Tue Jul  9 11:38:49 2019
| Host         : Lazarus running 64-bit major release  (build 9200)
| Command      : upgrade_ip
| Device       : xc7z020clg400-1
------------------------------------------------------------------------------------

Upgrade Log for IP 'design_1_accelerator_function_0_0'

1. Summary
----------

SUCCESS in the upgrade of design_1_accelerator_function_0_0 (xilinx.com:hls:accelerator_function:1.0) from (Rev. 1907090123) to (Rev. 1907091137)






Copyright 1986-2019 Xilinx, Inc. All Rights Reserved.
------------------------------------------------------------------------------------
| Tool Version : Vivado v.2019.1 (win64) Build 2552052 Fri May 24 14:49:42 MDT 2019
| Date         : Tue Jul  9 01:24:58 2019
| Host         : Lazarus running 64-bit major release  (build 9200)
| Command      : upgrade_ip
| Device       : xc7z020clg400-1
------------------------------------------------------------------------------------

Upgrade Log for IP 'design_1_accelerator_function_0_0'

1. Summary
----------

SUCCESS in the upgrade of design_1_accelerator_function_0_0 (xilinx.com:hls:accelerator_function:1.0) from (Rev. 1907090110) to (Rev. 1907090123)






Copyright 1986-2019 Xilinx, Inc. All Rights Reserved.
------------------------------------------------------------------------------------
| Tool Version : Vivado v.2019.1 (win64) Build 2552052 Fri May 24 14:49:42 MDT 2019
| Date         : Tue Jul  9 01:12:32 2019
| Host         : Lazarus running 64-bit major release  (build 9200)
| Command      : upgrade_ip
| Device       : xc7z020clg400-1
------------------------------------------------------------------------------------

Upgrade Log for IP 'design_1_accelerator_function_0_0'

1. Summary
----------

SUCCESS in the upgrade of design_1_accelerator_function_0_0 (xilinx.com:hls:accelerator_function:1.0) from (Rev. 1907090034) to (Rev. 1907090110)






Copyright 1986-2019 Xilinx, Inc. All Rights Reserved.
------------------------------------------------------------------------------------
| Tool Version : Vivado v.2019.1 (win64) Build 2552052 Fri May 24 14:49:42 MDT 2019
| Date         : Tue Jul  9 00:35:24 2019
| Host         : Lazarus running 64-bit major release  (build 9200)
| Command      : upgrade_ip
| Device       : xc7z020clg400-1
------------------------------------------------------------------------------------

Upgrade Log for IP 'design_1_accelerator_function_0_0'

1. Summary
----------

SUCCESS in the upgrade of design_1_accelerator_function_0_0 (xilinx.com:hls:accelerator_function:1.0) from (Rev. 1907082352) to (Rev. 1907090034)






Copyright 1986-2019 Xilinx, Inc. All Rights Reserved.
------------------------------------------------------------------------------------
| Tool Version : Vivado v.2019.1 (win64) Build 2552052 Fri May 24 14:49:42 MDT 2019
| Date         : Mon Jul  8 23:54:07 2019
| Host         : Lazarus running 64-bit major release  (build 9200)
| Command      : upgrade_ip
| Device       : xc7z020clg400-1
------------------------------------------------------------------------------------

Upgrade Log for IP 'design_1_accelerator_function_0_0'

1. Summary
----------

SUCCESS in the upgrade of design_1_accelerator_function_0_0 (xilinx.com:hls:accelerator_function:1.0) from (Rev. 1907082333) to (Rev. 1907082352)






Copyright 1986-2019 Xilinx, Inc. All Rights Reserved.
------------------------------------------------------------------------------------
| Tool Version : Vivado v.2019.1 (win64) Build 2552052 Fri May 24 14:49:42 MDT 2019
| Date         : Mon Jul  8 23:35:24 2019
| Host         : Lazarus running 64-bit major release  (build 9200)
| Command      : upgrade_ip
| Device       : xc7z020clg400-1
------------------------------------------------------------------------------------

Upgrade Log for IP 'design_1_accelerator_function_0_0'

1. Summary
----------

SUCCESS in the upgrade of design_1_accelerator_function_0_0 (xilinx.com:hls:accelerator_function:1.0) from (Rev. 1907082322) to (Rev. 1907082333)






Copyright 1986-2019 Xilinx, Inc. All Rights Reserved.
------------------------------------------------------------------------------------
| Tool Version : Vivado v.2019.1 (win64) Build 2552052 Fri May 24 14:49:42 MDT 2019
| Date         : Mon Jul  8 23:23:37 2019
| Host         : Lazarus running 64-bit major release  (build 9200)
| Command      : upgrade_ip
| Device       : xc7z020clg400-1
------------------------------------------------------------------------------------

Upgrade Log for IP 'design_1_accelerator_function_0_0'

1. Summary
----------

SUCCESS in the upgrade of design_1_accelerator_function_0_0 (xilinx.com:hls:accelerator_function:1.0) from (Rev. 1907082250) to (Rev. 1907082322)






Copyright 1986-2019 Xilinx, Inc. All Rights Reserved.
------------------------------------------------------------------------------------
| Tool Version : Vivado v.2019.1 (win64) Build 2552052 Fri May 24 14:49:42 MDT 2019
| Date         : Mon Jul  8 22:59:17 2019
| Host         : Lazarus running 64-bit major release  (build 9200)
| Command      : upgrade_ip
| Device       : xc7z020clg400-1
------------------------------------------------------------------------------------

Upgrade Log for IP 'design_1_accelerator_function_0_0'

1. Summary
----------

SUCCESS in the upgrade of design_1_accelerator_function_0_0 (xilinx.com:hls:accelerator_function:1.0) from (Rev. 1907082142) to (Rev. 1907082250)






Copyright 1986-2019 Xilinx, Inc. All Rights Reserved.
------------------------------------------------------------------------------------
| Tool Version : Vivado v.2019.1 (win64) Build 2552052 Fri May 24 14:49:42 MDT 2019
| Date         : Mon Jul  8 21:44:25 2019
| Host         : Lazarus running 64-bit major release  (build 9200)
| Command      : upgrade_ip
| Device       : xc7z020clg400-1
------------------------------------------------------------------------------------

Upgrade Log for IP 'design_1_accelerator_function_0_0'

1. Summary
----------

CAUTION (success, with warnings) in the upgrade of design_1_accelerator_function_0_0 (xilinx.com:hls:accelerator_function:1.0) from (Rev. 1907082128) to (Rev. 1907082142)

After upgrade, an IP may have parameter and port differences compared to the original customization. Please review the parameters within the IP customization GUI to ensure proper functionality. Also, please review the updated IP instantiation template to ensure proper connectivity, and update your design if required.

2. Connection Warnings
----------------------

Detected external port differences while upgrading 'design_1_accelerator_function_0_0'. These changes may impact your design.


-Upgraded port order differs after port 'kernel_in_stream_TKEEP'







Copyright 1986-2019 Xilinx, Inc. All Rights Reserved.
------------------------------------------------------------------------------------
| Tool Version : Vivado v.2019.1 (win64) Build 2552052 Fri May 24 14:49:42 MDT 2019
| Date         : Mon Jul  8 21:32:04 2019
| Host         : Lazarus running 64-bit major release  (build 9200)
| Command      : upgrade_ip
| Device       : xc7z020clg400-1
------------------------------------------------------------------------------------

Upgrade Log for IP 'design_1_accelerator_function_0_0'

1. Summary
----------

CAUTION (success, with warnings) in the upgrade of design_1_accelerator_function_0_0 (xilinx.com:hls:accelerator_function:1.0) from (Rev. 1907082109) to (Rev. 1907082128)

After upgrade, an IP may have parameter and port differences compared to the original customization. Please review the parameters within the IP customization GUI to ensure proper functionality. Also, please review the updated IP instantiation template to ensure proper connectivity, and update your design if required.

2. Connection Warnings
----------------------

Detected external port differences while upgrading 'design_1_accelerator_function_0_0'. These changes may impact your design.


-Upgraded port order differs after port 'kernel_in_stream_TDEST'







Copyright 1986-2019 Xilinx, Inc. All Rights Reserved.
------------------------------------------------------------------------------------
| Tool Version : Vivado v.2019.1 (win64) Build 2552052 Fri May 24 14:49:42 MDT 2019
| Date         : Mon Jul  8 21:10:56 2019
| Host         : Lazarus running 64-bit major release  (build 9200)
| Command      : upgrade_ip
| Device       : xc7z020clg400-1
------------------------------------------------------------------------------------

Upgrade Log for IP 'design_1_accelerator_function_0_0'

1. Summary
----------

CAUTION (success, with warnings) in the upgrade of design_1_accelerator_function_0_0 (xilinx.com:hls:accelerator_function:1.0) from (Rev. 1907081956) to (Rev. 1907082109)

After upgrade, an IP may have parameter and port differences compared to the original customization. Please review the parameters within the IP customization GUI to ensure proper functionality. Also, please review the updated IP instantiation template to ensure proper connectivity, and update your design if required.

2. Connection Warnings
----------------------

Detected external port differences while upgrading 'design_1_accelerator_function_0_0'. These changes may impact your design.


-Upgraded port order differs after port 'kernel_in_stream_TKEEP'







Copyright 1986-2019 Xilinx, Inc. All Rights Reserved.
------------------------------------------------------------------------------------
| Tool Version : Vivado v.2019.1 (win64) Build 2552052 Fri May 24 14:49:42 MDT 2019
| Date         : Mon Jul  8 19:57:45 2019
| Host         : Lazarus running 64-bit major release  (build 9200)
| Command      : upgrade_ip
| Device       : xc7z020clg400-1
------------------------------------------------------------------------------------

Upgrade Log for IP 'design_1_accelerator_function_0_0'

1. Summary
----------

SUCCESS in the upgrade of design_1_accelerator_function_0_0 (xilinx.com:hls:accelerator_function:1.0) from (Rev. 1907081942) to (Rev. 1907081956)






Copyright 1986-2019 Xilinx, Inc. All Rights Reserved.
------------------------------------------------------------------------------------
| Tool Version : Vivado v.2019.1 (win64) Build 2552052 Fri May 24 14:49:42 MDT 2019
| Date         : Mon Jul  8 19:43:23 2019
| Host         : Lazarus running 64-bit major release  (build 9200)
| Command      : upgrade_ip
| Device       : xc7z020clg400-1
------------------------------------------------------------------------------------

Upgrade Log for IP 'design_1_accelerator_function_0_0'

1. Summary
----------

SUCCESS in the upgrade of design_1_accelerator_function_0_0 (xilinx.com:hls:accelerator_function:1.0) from (Rev. 1907081900) to (Rev. 1907081942)






Copyright 1986-2019 Xilinx, Inc. All Rights Reserved.
------------------------------------------------------------------------------------
| Tool Version : Vivado v.2019.1 (win64) Build 2552052 Fri May 24 14:49:42 MDT 2019
| Date         : Mon Jul  8 19:01:47 2019
| Host         : Lazarus running 64-bit major release  (build 9200)
| Command      : upgrade_ip
| Device       : xc7z020clg400-1
------------------------------------------------------------------------------------

Upgrade Log for IP 'design_1_accelerator_function_0_0'

1. Summary
----------

SUCCESS in the upgrade of design_1_accelerator_function_0_0 (xilinx.com:hls:accelerator_function:1.0) from (Rev. 1907081841) to (Rev. 1907081900)






Copyright 1986-2019 Xilinx, Inc. All Rights Reserved.
------------------------------------------------------------------------------------
| Tool Version : Vivado v.2019.1 (win64) Build 2552052 Fri May 24 14:49:42 MDT 2019
| Date         : Mon Jul  8 18:42:36 2019
| Host         : Lazarus running 64-bit major release  (build 9200)
| Command      : upgrade_ip
| Device       : xc7z020clg400-1
------------------------------------------------------------------------------------

Upgrade Log for IP 'design_1_accelerator_function_0_0'

1. Summary
----------

SUCCESS in the upgrade of design_1_accelerator_function_0_0 (xilinx.com:hls:accelerator_function:1.0) from (Rev. 1907081817) to (Rev. 1907081841)






Copyright 1986-2019 Xilinx, Inc. All Rights Reserved.
------------------------------------------------------------------------------------
| Tool Version : Vivado v.2019.1 (win64) Build 2552052 Fri May 24 14:49:42 MDT 2019
| Date         : Mon Jul  8 18:18:44 2019
| Host         : Lazarus running 64-bit major release  (build 9200)
| Command      : upgrade_ip
| Device       : xc7z020clg400-1
------------------------------------------------------------------------------------

Upgrade Log for IP 'design_1_accelerator_function_0_0'

1. Summary
----------

SUCCESS in the upgrade of design_1_accelerator_function_0_0 (xilinx.com:hls:accelerator_function:1.0) from (Rev. 1907081757) to (Rev. 1907081817)






Copyright 1986-2019 Xilinx, Inc. All Rights Reserved.
------------------------------------------------------------------------------------
| Tool Version : Vivado v.2019.1 (win64) Build 2552052 Fri May 24 14:49:42 MDT 2019
| Date         : Mon Jul  8 17:58:43 2019
| Host         : Lazarus running 64-bit major release  (build 9200)
| Command      : upgrade_ip
| Device       : xc7z020clg400-1
------------------------------------------------------------------------------------

Upgrade Log for IP 'design_1_accelerator_function_0_0'

1. Summary
----------

SUCCESS in the upgrade of design_1_accelerator_function_0_0 (xilinx.com:hls:accelerator_function:1.0) from (Rev. 1907081648) to (Rev. 1907081757)






Copyright 1986-2019 Xilinx, Inc. All Rights Reserved.
------------------------------------------------------------------------------------
| Tool Version : Vivado v.2019.1 (win64) Build 2552052 Fri May 24 14:49:42 MDT 2019
| Date         : Mon Jul  8 16:50:21 2019
| Host         : Lazarus running 64-bit major release  (build 9200)
| Command      : upgrade_ip
| Device       : xc7z020clg400-1
------------------------------------------------------------------------------------

Upgrade Log for IP 'design_1_accelerator_function_0_0'

1. Summary
----------

SUCCESS in the upgrade of design_1_accelerator_function_0_0 (xilinx.com:hls:accelerator_function:1.0) from (Rev. 1907081632) to (Rev. 1907081648)






Copyright 1986-2019 Xilinx, Inc. All Rights Reserved.
------------------------------------------------------------------------------------
| Tool Version : Vivado v.2019.1 (win64) Build 2552052 Fri May 24 14:49:42 MDT 2019
| Date         : Mon Jul  8 16:33:25 2019
| Host         : Lazarus running 64-bit major release  (build 9200)
| Command      : upgrade_ip
| Device       : xc7z020clg400-1
------------------------------------------------------------------------------------

Upgrade Log for IP 'design_1_accelerator_function_0_0'

1. Summary
----------

SUCCESS in the upgrade of design_1_accelerator_function_0_0 (xilinx.com:hls:accelerator_function:1.0) from (Rev. 1907031413) to (Rev. 1907081632)






Copyright 1986-2019 Xilinx, Inc. All Rights Reserved.
------------------------------------------------------------------------------------
| Tool Version : Vivado v.2019.1 (win64) Build 2552052 Fri May 24 14:49:42 MDT 2019
| Date         : Wed Jul  3 14:23:42 2019
| Host         : Lazarus running 64-bit major release  (build 9200)
| Command      : upgrade_ip
| Device       : xc7z020clg400-1
------------------------------------------------------------------------------------

Upgrade Log for IP 'design_1_accelerator_function_0_0'

1. Summary
----------

SUCCESS in the upgrade of design_1_accelerator_function_0_0 (xilinx.com:hls:accelerator_function:1.0) from (Rev. 1907021143) to (Rev. 1907031413)






Copyright 1986-2019 Xilinx, Inc. All Rights Reserved.
------------------------------------------------------------------------------------
| Tool Version : Vivado v.2019.1 (win64) Build 2552052 Fri May 24 14:49:42 MDT 2019
| Date         : Tue Jul  2 11:44:54 2019
| Host         : Lazarus running 64-bit major release  (build 9200)
| Command      : upgrade_ip
| Device       : xc7z020clg400-1
------------------------------------------------------------------------------------

Upgrade Log for IP 'design_1_accelerator_function_0_0'

1. Summary
----------

SUCCESS in the upgrade of design_1_accelerator_function_0_0 (xilinx.com:hls:accelerator_function:1.0) from (Rev. 1906261953) to (Rev. 1907021143)






Copyright 1986-2019 Xilinx, Inc. All Rights Reserved.
------------------------------------------------------------------------------------
| Tool Version : Vivado v.2019.1 (win64) Build 2552052 Fri May 24 14:49:42 MDT 2019
| Date         : Tue Jul  2 00:09:02 2019
| Host         : Lazarus running 64-bit major release  (build 9200)
| Command      : upgrade_ip
| Device       : xc7z020clg400-1
------------------------------------------------------------------------------------

Upgrade Log for IP 'design_1_xlconcat_0_0'

1. Summary
----------

SUCCESS in the upgrade of design_1_xlconcat_0_0 (xilinx.com:ip:xlconcat:2.1) from (Rev. 1) to (Rev. 3)






Copyright 1986-2019 Xilinx, Inc. All Rights Reserved.
------------------------------------------------------------------------------------
| Tool Version : Vivado v.2019.1 (win64) Build 2552052 Fri May 24 14:49:42 MDT 2019
| Date         : Tue Jul  2 00:09:02 2019
| Host         : Lazarus running 64-bit major release  (build 9200)
| Command      : upgrade_ip
| Device       : xc7z020clg400-1
------------------------------------------------------------------------------------

Upgrade Log for IP 'design_1_rst_ps7_0_100M_0'

1. Summary
----------

SUCCESS in the upgrade of design_1_rst_ps7_0_100M_0 (xilinx.com:ip:proc_sys_reset:5.0) from (Rev. 12) to (Rev. 13)






Copyright 1986-2019 Xilinx, Inc. All Rights Reserved.
------------------------------------------------------------------------------------
| Tool Version : Vivado v.2019.1 (win64) Build 2552052 Fri May 24 14:49:42 MDT 2019
| Date         : Tue Jul  2 00:09:02 2019
| Host         : Lazarus running 64-bit major release  (build 9200)
| Command      : upgrade_ip
| Device       : xc7z020clg400-1
------------------------------------------------------------------------------------

Upgrade Log for IP 'design_1_ps7_0_axi_periph_0'

1. Summary
----------

SUCCESS in the upgrade of design_1_ps7_0_axi_periph_0 (xilinx.com:ip:axi_interconnect:2.1) from (Rev. 18) to (Rev. 20)






Copyright 1986-2019 Xilinx, Inc. All Rights Reserved.
------------------------------------------------------------------------------------
| Tool Version : Vivado v.2019.1 (win64) Build 2552052 Fri May 24 14:49:42 MDT 2019
| Date         : Tue Jul  2 00:09:02 2019
| Host         : Lazarus running 64-bit major release  (build 9200)
| Command      : upgrade_ip
| Device       : xc7z020clg400-1
------------------------------------------------------------------------------------

Upgrade Log for IP 'design_1_axi_timer_0_0'

1. Summary
----------

SUCCESS in the upgrade of design_1_axi_timer_0_0 (xilinx.com:ip:axi_timer:2.0) from (Rev. 19) to (Rev. 21)






Copyright 1986-2019 Xilinx, Inc. All Rights Reserved.
------------------------------------------------------------------------------------
| Tool Version : Vivado v.2019.1 (win64) Build 2552052 Fri May 24 14:49:42 MDT 2019
| Date         : Tue Jul  2 00:09:02 2019
| Host         : Lazarus running 64-bit major release  (build 9200)
| Command      : upgrade_ip
| Device       : xc7z020clg400-1
------------------------------------------------------------------------------------

Upgrade Log for IP 'design_1_axi_smc_0'

1. Summary
----------

SUCCESS in the upgrade of design_1_axi_smc_0 (xilinx.com:ip:smartconnect:1.0) from (Rev. 9) to (Rev. 11)

After upgrade, an IP may have parameter and port differences compared to the original customization. Please review the parameters within the IP customization GUI to ensure proper functionality. Also, please review the updated IP instantiation template to ensure proper connectivity, and update your design if required.

2. Interface Information
------------------------

Detected external interface differences while upgrading 'design_1_axi_smc_0'.



3. Connection Warnings
----------------------

Detected external port differences while upgrading 'design_1_axi_smc_0'. These changes may impact your design.








Copyright 1986-2019 Xilinx, Inc. All Rights Reserved.
------------------------------------------------------------------------------------
| Tool Version : Vivado v.2019.1 (win64) Build 2552052 Fri May 24 14:49:42 MDT 2019
| Date         : Tue Jul  2 00:09:02 2019
| Host         : Lazarus running 64-bit major release  (build 9200)
| Command      : upgrade_ip
| Device       : xc7z020clg400-1
------------------------------------------------------------------------------------

Upgrade Log for IP 'design_1_axi_dma_5_1'

1. Summary
----------

SUCCESS in the upgrade of design_1_axi_dma_5_1 (xilinx.com:ip:axi_dma:7.1) from (Rev. 18) to (Rev. 20)






Copyright 1986-2019 Xilinx, Inc. All Rights Reserved.
------------------------------------------------------------------------------------
| Tool Version : Vivado v.2019.1 (win64) Build 2552052 Fri May 24 14:49:42 MDT 2019
| Date         : Tue Jul  2 00:09:02 2019
| Host         : Lazarus running 64-bit major release  (build 9200)
| Command      : upgrade_ip
| Device       : xc7z020clg400-1
------------------------------------------------------------------------------------

Upgrade Log for IP 'design_1_axi_dma_5_0'

1. Summary
----------

SUCCESS in the upgrade of design_1_axi_dma_5_0 (xilinx.com:ip:axi_dma:7.1) from (Rev. 18) to (Rev. 20)






Copyright 1986-2019 Xilinx, Inc. All Rights Reserved.
------------------------------------------------------------------------------------
| Tool Version : Vivado v.2019.1 (win64) Build 2552052 Fri May 24 14:49:42 MDT 2019
| Date         : Tue Jul  2 00:09:02 2019
| Host         : Lazarus running 64-bit major release  (build 9200)
| Command      : upgrade_ip
| Device       : xc7z020clg400-1
------------------------------------------------------------------------------------

Upgrade Log for IP 'design_1_axi_dma_1_3'

1. Summary
----------

SUCCESS in the upgrade of design_1_axi_dma_1_3 (xilinx.com:ip:axi_dma:7.1) from (Rev. 18) to (Rev. 20)






Copyright 1986-2019 Xilinx, Inc. All Rights Reserved.
------------------------------------------------------------------------------------
| Tool Version : Vivado v.2019.1 (win64) Build 2552052 Fri May 24 14:49:42 MDT 2019
| Date         : Tue Jul  2 00:09:02 2019
| Host         : Lazarus running 64-bit major release  (build 9200)
| Command      : upgrade_ip
| Device       : xc7z020clg400-1
------------------------------------------------------------------------------------

Upgrade Log for IP 'design_1_axi_dma_1_2'

1. Summary
----------

SUCCESS in the upgrade of design_1_axi_dma_1_2 (xilinx.com:ip:axi_dma:7.1) from (Rev. 18) to (Rev. 20)






Copyright 1986-2019 Xilinx, Inc. All Rights Reserved.
------------------------------------------------------------------------------------
| Tool Version : Vivado v.2019.1 (win64) Build 2552052 Fri May 24 14:49:42 MDT 2019
| Date         : Tue Jul  2 00:09:02 2019
| Host         : Lazarus running 64-bit major release  (build 9200)
| Command      : upgrade_ip
| Device       : xc7z020clg400-1
------------------------------------------------------------------------------------

Upgrade Log for IP 'design_1_axi_dma_1_1'

1. Summary
----------

SUCCESS in the upgrade of design_1_axi_dma_1_1 (xilinx.com:ip:axi_dma:7.1) from (Rev. 18) to (Rev. 20)






Copyright 1986-2019 Xilinx, Inc. All Rights Reserved.
------------------------------------------------------------------------------------
| Tool Version : Vivado v.2019.1 (win64) Build 2552052 Fri May 24 14:49:42 MDT 2019
| Date         : Tue Jul  2 00:09:02 2019
| Host         : Lazarus running 64-bit major release  (build 9200)
| Command      : upgrade_ip
| Device       : xc7z020clg400-1
------------------------------------------------------------------------------------

Upgrade Log for IP 'design_1_axi_dma_1_0'

1. Summary
----------

SUCCESS in the upgrade of design_1_axi_dma_1_0 (xilinx.com:ip:axi_dma:7.1) from (Rev. 18) to (Rev. 20)






Copyright 1986-2019 Xilinx, Inc. All Rights Reserved.
------------------------------------------------------------------------------------
| Tool Version : Vivado v.2019.1 (win64) Build 2552052 Fri May 24 14:49:42 MDT 2019
| Date         : Tue Jul  2 00:09:02 2019
| Host         : Lazarus running 64-bit major release  (build 9200)
| Command      : upgrade_ip
| Device       : xc7z020clg400-1
------------------------------------------------------------------------------------

Upgrade Log for IP 'design_1_axi_dma_0_0'

1. Summary
----------

SUCCESS in the upgrade of design_1_axi_dma_0_0 (xilinx.com:ip:axi_dma:7.1) from (Rev. 18) to (Rev. 20)






Copyright 1986-2018 Xilinx, Inc. All Rights Reserved.
------------------------------------------------------------------------------------
| Tool Version : Vivado v.2018.2 (win64) Build 2258646 Thu Jun 14 20:03:12 MDT 2018
| Date         : Wed Jun 26 19:54:10 2019
| Host         : Lazarus running 64-bit major release  (build 9200)
| Command      : upgrade_ip
| Device       : xc7z020clg400-1
------------------------------------------------------------------------------------

Upgrade Log for IP 'design_1_accelerator_function_0_0'

1. Summary
----------

SUCCESS in the upgrade of design_1_accelerator_function_0_0 (xilinx.com:hls:accelerator_function:1.0) from (Rev. 1906261603) to (Rev. 1906261953)






Copyright 1986-2018 Xilinx, Inc. All Rights Reserved.
------------------------------------------------------------------------------------
| Tool Version : Vivado v.2018.2 (win64) Build 2258646 Thu Jun 14 20:03:12 MDT 2018
| Date         : Wed Jun 26 16:04:44 2019
| Host         : Lazarus running 64-bit major release  (build 9200)
| Command      : upgrade_ip
| Device       : xc7z020clg400-1
------------------------------------------------------------------------------------

Upgrade Log for IP 'design_1_accelerator_function_0_0'

1. Summary
----------

SUCCESS in the upgrade of design_1_accelerator_function_0_0 (xilinx.com:hls:accelerator_function:1.0) from (Rev. 1906261547) to (Rev. 1906261603)






Copyright 1986-2018 Xilinx, Inc. All Rights Reserved.
------------------------------------------------------------------------------------
| Tool Version : Vivado v.2018.2 (win64) Build 2258646 Thu Jun 14 20:03:12 MDT 2018
| Date         : Wed Jun 26 15:49:38 2019
| Host         : Lazarus running 64-bit major release  (build 9200)
| Command      : upgrade_ip
| Device       : xc7z020clg400-1
------------------------------------------------------------------------------------

Upgrade Log for IP 'design_1_accelerator_function_0_0'

1. Summary
----------

SUCCESS in the upgrade of design_1_accelerator_function_0_0 (xilinx.com:hls:accelerator_function:1.0) from (Rev. 1906261428) to (Rev. 1906261547)

