

================================================================
== Vivado HLS Report for 'Loop_LOOP_6_proc'
================================================================
* Date:           Thu Aug  1 03:51:51 2019

* Version:        2019.1 (Build 2552052 on Fri May 24 15:28:33 MDT 2019)
* Project:        kernel_matrix_hardware_hls
* Solution:       solution1
* Product family: zynq
* Target device:  xc7z020-clg400-1


================================================================
== Performance Estimates
================================================================
+ Timing (ns): 
    * Summary: 
    +--------+-------+----------+------------+
    |  Clock | Target| Estimated| Uncertainty|
    +--------+-------+----------+------------+
    |ap_clk  |  10.00|     4.995|        1.25|
    +--------+-------+----------+------------+

+ Latency (clock cycles): 
    * Summary: 
    +-----+-----+-----+-----+---------+
    |  Latency  |  Interval | Pipeline|
    | min | max | min | max |   Type  |
    +-----+-----+-----+-----+---------+
    |    ?|    ?|    ?|    ?|   none  |
    +-----+-----+-----+-----+---------+

    + Detail: 
        * Instance: 
        N/A

        * Loop: 
        +----------+-----+-----+----------+-----------+-----------+------+----------+
        |          |  Latency  | Iteration|  Initiation Interval  | Trip |          |
        | Loop Name| min | max |  Latency |  achieved |   target  | Count| Pipelined|
        +----------+-----+-----+----------+-----------+-----------+------+----------+
        |- LOOP_6  |    ?|    ?|         3|          1|          1|     ?|    yes   |
        +----------+-----+-----+----------+-----------+-----------+------+----------+



================================================================
== Utilization Estimates
================================================================
* Summary: 
+-----------------+---------+-------+--------+-------+-----+
|       Name      | BRAM_18K| DSP48E|   FF   |  LUT  | URAM|
+-----------------+---------+-------+--------+-------+-----+
|DSP              |        -|      -|       -|      -|    -|
|Expression       |        -|      -|       0|    112|    -|
|FIFO             |        -|      -|       -|      -|    -|
|Instance         |        -|      -|       -|      -|    -|
|Memory           |        -|      -|       -|      -|    -|
|Multiplexer      |        -|      -|       -|    207|    -|
|Register         |        -|      -|     193|      -|    -|
+-----------------+---------+-------+--------+-------+-----+
|Total            |        0|      0|     193|    319|    0|
+-----------------+---------+-------+--------+-------+-----+
|Available        |      280|    220|  106400|  53200|    0|
+-----------------+---------+-------+--------+-------+-----+
|Utilization (%)  |        0|      0|   ~0   |   ~0  |    0|
+-----------------+---------+-------+--------+-------+-----+

+ Detail: 
    * Instance: 
    N/A

    * DSP48E: 
    N/A

    * Memory: 
    N/A

    * FIFO: 
    N/A

    * Expression: 
    +-------------------------------------------+----------+-------+---+----+------------+------------+
    |               Variable Name               | Operation| DSP48E| FF| LUT| Bitwidth P0| Bitwidth P1|
    +-------------------------------------------+----------+-------+---+----+------------+------------+
    |os_idx_fu_135_p2                           |     +    |      0|  0|  38|          31|           1|
    |ap_block_state3_io                         |    and   |      0|  0|   2|           1|           1|
    |ap_block_state4_io                         |    and   |      0|  0|   2|           1|           1|
    |kernel_out_stream_data_V_1_load_A          |    and   |      0|  0|   2|           1|           1|
    |kernel_out_stream_data_V_1_load_B          |    and   |      0|  0|   2|           1|           1|
    |kernel_out_stream_last_V_1_load_A          |    and   |      0|  0|   2|           1|           1|
    |kernel_out_stream_last_V_1_load_B          |    and   |      0|  0|   2|           1|           1|
    |icmp_ln64_fu_130_p2                        |   icmp   |      0|  0|  18|          32|          32|
    |icmp_ln67_fu_150_p2                        |   icmp   |      0|  0|  18|          32|          32|
    |kernel_out_stream_data_V_1_state_cmp_full  |   icmp   |      0|  0|   8|           2|           1|
    |kernel_out_stream_last_V_1_state_cmp_full  |   icmp   |      0|  0|   8|           2|           1|
    |ap_block_pp0_stage0_11001                  |    or    |      0|  0|   2|           1|           1|
    |ap_block_state1                            |    or    |      0|  0|   2|           1|           1|
    |ap_block_state5                            |    or    |      0|  0|   2|           1|           1|
    |ap_enable_pp0                              |    xor   |      0|  0|   2|           1|           2|
    |ap_enable_reg_pp0_iter1                    |    xor   |      0|  0|   2|           2|           1|
    +-------------------------------------------+----------+-------+---+----+------------+------------+
    |Total                                      |          |      0|  0| 112|         111|          79|
    +-------------------------------------------+----------+-------+---+----+------------+------------+

    * Multiplexer: 
    +-------------------------------------+----+-----------+-----+-----------+
    |                 Name                | LUT| Input Size| Bits| Total Bits|
    +-------------------------------------+----+-----------+-----+-----------+
    |ap_NS_fsm                            |  21|          4|    1|          4|
    |ap_done                              |   9|          2|    1|          2|
    |ap_enable_reg_pp0_iter1              |   9|          2|    1|          2|
    |ap_enable_reg_pp0_iter2              |   9|          2|    1|          2|
    |ap_phi_mux_os_idx_0_i_phi_fu_119_p4  |   9|          2|   31|         62|
    |kernel_out_stream_TDATA_blk_n        |   9|          2|    1|          2|
    |kernel_out_stream_data_V_1_data_out  |   9|          2|   32|         64|
    |kernel_out_stream_data_V_1_state     |  15|          3|    2|          6|
    |kernel_out_stream_dest_V_1_state     |  15|          3|    2|          6|
    |kernel_out_stream_id_V_1_state       |  15|          3|    2|          6|
    |kernel_out_stream_keep_V_1_state     |  15|          3|    2|          6|
    |kernel_out_stream_last_V_1_data_out  |   9|          2|    1|          2|
    |kernel_out_stream_last_V_1_state     |  15|          3|    2|          6|
    |kernel_out_stream_strb_V_1_state     |  15|          3|    2|          6|
    |kernel_out_stream_user_V_1_state     |  15|          3|    2|          6|
    |length_x_blk_n                       |   9|          2|    1|          2|
    |os_idx_0_i_reg_115                   |   9|          2|   31|         62|
    +-------------------------------------+----+-----------+-----+-----------+
    |Total                                | 207|         43|  115|        246|
    +-------------------------------------+----+-----------+-----+-----------+

    * Register: 
    +--------------------------------------+----+----+-----+-----------+
    |                 Name                 | FF | LUT| Bits| Const Bits|
    +--------------------------------------+----+----+-----+-----------+
    |ap_CS_fsm                             |   3|   0|    3|          0|
    |ap_done_reg                           |   1|   0|    1|          0|
    |ap_enable_reg_pp0_iter0               |   1|   0|    1|          0|
    |ap_enable_reg_pp0_iter1               |   1|   0|    1|          0|
    |ap_enable_reg_pp0_iter2               |   1|   0|    1|          0|
    |icmp_ln64_reg_166                     |   1|   0|    1|          0|
    |icmp_ln64_reg_166_pp0_iter1_reg       |   1|   0|    1|          0|
    |icmp_ln67_reg_180                     |   1|   0|    1|          0|
    |kernel_out_stream_data_V_1_payload_A  |  32|   0|   32|          0|
    |kernel_out_stream_data_V_1_payload_B  |  32|   0|   32|          0|
    |kernel_out_stream_data_V_1_sel_rd     |   1|   0|    1|          0|
    |kernel_out_stream_data_V_1_sel_wr     |   1|   0|    1|          0|
    |kernel_out_stream_data_V_1_state      |   2|   0|    2|          0|
    |kernel_out_stream_dest_V_1_sel_rd     |   1|   0|    1|          0|
    |kernel_out_stream_dest_V_1_state      |   2|   0|    2|          0|
    |kernel_out_stream_id_V_1_sel_rd       |   1|   0|    1|          0|
    |kernel_out_stream_id_V_1_state        |   2|   0|    2|          0|
    |kernel_out_stream_keep_V_1_sel_rd     |   1|   0|    1|          0|
    |kernel_out_stream_keep_V_1_state      |   2|   0|    2|          0|
    |kernel_out_stream_last_V_1_payload_A  |   1|   0|    1|          0|
    |kernel_out_stream_last_V_1_payload_B  |   1|   0|    1|          0|
    |kernel_out_stream_last_V_1_sel_rd     |   1|   0|    1|          0|
    |kernel_out_stream_last_V_1_sel_wr     |   1|   0|    1|          0|
    |kernel_out_stream_last_V_1_state      |   2|   0|    2|          0|
    |kernel_out_stream_strb_V_1_sel_rd     |   1|   0|    1|          0|
    |kernel_out_stream_strb_V_1_state      |   2|   0|    2|          0|
    |kernel_out_stream_user_V_1_sel_rd     |   1|   0|    1|          0|
    |kernel_out_stream_user_V_1_state      |   2|   0|    2|          0|
    |length_x_read_reg_160                 |  32|   0|   32|          0|
    |os_idx_0_i_reg_115                    |  31|   0|   31|          0|
    |os_idx_reg_170                        |  31|   0|   31|          0|
    +--------------------------------------+----+----+-----+-----------+
    |Total                                 | 193|   0|  193|          0|
    +--------------------------------------+----+----+-----+-----------+



================================================================
== Interface
================================================================
* Summary: 
+--------------------------+-----+-----+------------+--------------------------+--------------+
|         RTL Ports        | Dir | Bits|  Protocol  |       Source Object      |    C Type    |
+--------------------------+-----+-----+------------+--------------------------+--------------+
|ap_clk                    |  in |    1| ap_ctrl_hs |     Loop_LOOP_6_proc     | return value |
|ap_rst                    |  in |    1| ap_ctrl_hs |     Loop_LOOP_6_proc     | return value |
|ap_start                  |  in |    1| ap_ctrl_hs |     Loop_LOOP_6_proc     | return value |
|ap_done                   | out |    1| ap_ctrl_hs |     Loop_LOOP_6_proc     | return value |
|ap_continue               |  in |    1| ap_ctrl_hs |     Loop_LOOP_6_proc     | return value |
|ap_idle                   | out |    1| ap_ctrl_hs |     Loop_LOOP_6_proc     | return value |
|ap_ready                  | out |    1| ap_ctrl_hs |     Loop_LOOP_6_proc     | return value |
|length_x_dout             |  in |   32|   ap_fifo  |         length_x         |    pointer   |
|length_x_empty_n          |  in |    1|   ap_fifo  |         length_x         |    pointer   |
|length_x_read             | out |    1|   ap_fifo  |         length_x         |    pointer   |
|result_buf_address0       | out |   12|  ap_memory |        result_buf        |     array    |
|result_buf_ce0            | out |    1|  ap_memory |        result_buf        |     array    |
|result_buf_q0             |  in |   32|  ap_memory |        result_buf        |     array    |
|kernel_out_stream_TDATA   | out |   32|    axis    | kernel_out_stream_data_V |    pointer   |
|kernel_out_stream_TVALID  | out |    1|    axis    | kernel_out_stream_dest_V |    pointer   |
|kernel_out_stream_TREADY  |  in |    1|    axis    | kernel_out_stream_dest_V |    pointer   |
|kernel_out_stream_TDEST   | out |    5|    axis    | kernel_out_stream_dest_V |    pointer   |
|kernel_out_stream_TKEEP   | out |    4|    axis    | kernel_out_stream_keep_V |    pointer   |
|kernel_out_stream_TSTRB   | out |    4|    axis    | kernel_out_stream_strb_V |    pointer   |
|kernel_out_stream_TUSER   | out |    4|    axis    | kernel_out_stream_user_V |    pointer   |
|kernel_out_stream_TLAST   | out |    1|    axis    | kernel_out_stream_last_V |    pointer   |
|kernel_out_stream_TID     | out |    5|    axis    |  kernel_out_stream_id_V  |    pointer   |
+--------------------------+-----+-----+------------+--------------------------+--------------+

