## ==============================================================
## Vivado(TM) HLS - High-Level Synthesis from C, C++ and SystemC v2019.1 (64-bit)
## Copyright 1986-2019 Xilinx, Inc. All Rights Reserved.
## ==============================================================

F:\Hardware_Implementation\predict_function_hardware_hls\solution1\impl\verilog>E:/Vivado2019.1/Vivado/2019.1/bin/vivado  -notrace -mode batch -source run_vivadosyn.tcl   || exit $? 

****** Vivado v2019.1 (64-bit)
  **** SW Build 2552052 on Fri May 24 14:49:42 MDT 2019
  **** IP Build 2548770 on Fri May 24 18:01:18 MDT 2019
    ** Copyright 1986-2019 Xilinx, Inc. All Rights Reserved.

source run_vivadosyn.tcl -notrace
INFO: [IP_Flow 19-234] Refreshing IP repositories
INFO: [IP_Flow 19-1700] Loaded user IP repository 'f:/Hardware_Implementation/predict_function_hardware_hls/solution1/impl/ip'.
INFO: [IP_Flow 19-2313] Loaded Vivado IP repository 'E:/Vivado2019.1/Vivado/2019.1/data/ip'.
Wrote  : <F:\Hardware_Implementation\predict_function_hardware_hls\solution1\impl\verilog\project.srcs\sources_1\bd\bd_0\bd_0.bd> 
Slave segment </hls_inst/s_axi_CONTROL_BUS/Reg> is being mapped into address space </s_axi_CONTROL_BUS> at <0x0000_0000 [ 4K ]>
INFO: [#UNDEF] Changing parameter ADDR_WIDTH on bus interface /s_axi_CONTROL_BUS from 6 to 12 due to existing assignment(s) on address space /s_axi_CONTROL_BUS.
Wrote  : <F:\Hardware_Implementation\predict_function_hardware_hls\solution1\impl\verilog\project.srcs\sources_1\bd\bd_0\bd_0.bd> 
VHDL Output written to : F:/Hardware_Implementation/predict_function_hardware_hls/solution1/impl/verilog/project.srcs/sources_1/bd/bd_0/synth/bd_0.v
VHDL Output written to : F:/Hardware_Implementation/predict_function_hardware_hls/solution1/impl/verilog/project.srcs/sources_1/bd/bd_0/sim/bd_0.v
VHDL Output written to : F:/Hardware_Implementation/predict_function_hardware_hls/solution1/impl/verilog/project.srcs/sources_1/bd/bd_0/hdl/bd_0_wrapper.v
Using BD top: bd_0_wrapper
INFO: [BD 41-1662] The design 'bd_0.bd' is already validated. Therefore parameter propagation will not be re-run.
VHDL Output written to : F:/Hardware_Implementation/predict_function_hardware_hls/solution1/impl/verilog/project.srcs/sources_1/bd/bd_0/synth/bd_0.v
VHDL Output written to : F:/Hardware_Implementation/predict_function_hardware_hls/solution1/impl/verilog/project.srcs/sources_1/bd/bd_0/sim/bd_0.v
VHDL Output written to : F:/Hardware_Implementation/predict_function_hardware_hls/solution1/impl/verilog/project.srcs/sources_1/bd/bd_0/hdl/bd_0_wrapper.v
WARNING: [IP_Flow 19-519] IP 'bd_0_hls_inst_0' detected a language mismatch between 'VHDL Simulation Wrapper' and 'Verilog Simulation' output products. Please check with the IP provider to see if this is expected.
INFO: [BD 41-1029] Generation completed for the IP Integrator block hls_inst .
Exporting to file F:/Hardware_Implementation/predict_function_hardware_hls/solution1/impl/verilog/project.srcs/sources_1/bd/bd_0/hw_handoff/bd_0.hwh
Generated Block Design Tcl file F:/Hardware_Implementation/predict_function_hardware_hls/solution1/impl/verilog/project.srcs/sources_1/bd/bd_0/hw_handoff/bd_0_bd.tcl
Generated Hardware Definition File F:/Hardware_Implementation/predict_function_hardware_hls/solution1/impl/verilog/project.srcs/sources_1/bd/bd_0/synth/bd_0.hwdef
launch_runs: Time (s): cpu = 00:00:00 ; elapsed = 00:00:05 . Memory (MB): peak = 494.383 ; gain = 56.043
[Thu Aug  1 03:21:49 2019] Launched bd_0_hls_inst_0_synth_1...
Run output will be captured here: F:/Hardware_Implementation/predict_function_hardware_hls/solution1/impl/verilog/project.runs/bd_0_hls_inst_0_synth_1/runme.log
[Thu Aug  1 03:21:50 2019] Launched synth_1...
Run output will be captured here: F:/Hardware_Implementation/predict_function_hardware_hls/solution1/impl/verilog/project.runs/synth_1/runme.log
[Thu Aug  1 03:21:50 2019] Waiting for synth_1 to finish...

*** Running vivado
    with args -log bd_0_wrapper.vds -m64 -product Vivado -mode batch -messageDb vivado.pb -notrace -source bd_0_wrapper.tcl


****** Vivado v2019.1 (64-bit)
  **** SW Build 2552052 on Fri May 24 14:49:42 MDT 2019
  **** IP Build 2548770 on Fri May 24 18:01:18 MDT 2019
    ** Copyright 1986-2019 Xilinx, Inc. All Rights Reserved.

source bd_0_wrapper.tcl -notrace
INFO: [IP_Flow 19-234] Refreshing IP repositories
INFO: [IP_Flow 19-1700] Loaded user IP repository 'f:/Hardware_Implementation/predict_function_hardware_hls/solution1/impl/ip'.
INFO: [IP_Flow 19-2313] Loaded Vivado IP repository 'E:/Vivado2019.1/Vivado/2019.1/data/ip'.
WARNING: [IP_Flow 19-4995] The host OS only allows 260 characters in a normal path. The IP cache path is more than 80 characters. If you experience issues with IP caching, please consider changing the IP cache to a location with a shorter path. Alternately consider using the OS subst command to map part of the path to a drive letter. 
Current IP cache path is f:/Hardware_Implementation/predict_function_hardware_hls/solution1/impl/verilog/project.cache/ip 
Command: synth_design -top bd_0_wrapper -part xc7z020clg400-1 -mode out_of_context
Starting synth_design
Attempting to get a license for feature 'Synthesis' and/or device 'xc7z020'
INFO: [Common 17-349] Got license for feature 'Synthesis' and/or device 'xc7z020'
INFO: [Device 21-403] Loading part xc7z020clg400-1
INFO: Launching helper process for spawning children vivado processes
INFO: Helper process launched with PID 34740 
---------------------------------------------------------------------------------
Starting RTL Elaboration : Time (s): cpu = 00:00:07 ; elapsed = 00:00:07 . Memory (MB): peak = 733.656 ; gain = 176.898
---------------------------------------------------------------------------------
INFO: [Synth 8-6157] synthesizing module 'bd_0_wrapper' [F:/Hardware_Implementation/predict_function_hardware_hls/solution1/impl/verilog/project.srcs/sources_1/bd/bd_0/hdl/bd_0_wrapper.v:12]
INFO: [Synth 8-6157] synthesizing module 'bd_0' [F:/Hardware_Implementation/predict_function_hardware_hls/solution1/impl/verilog/project.srcs/sources_1/bd/bd_0/synth/bd_0.v:13]
INFO: [Synth 8-6157] synthesizing module 'bd_0_hls_inst_0' [F:/Hardware_Implementation/predict_function_hardware_hls/solution1/impl/verilog/project.runs/synth_1/.Xil/Vivado-34160-Lazarus/realtime/bd_0_hls_inst_0_stub.v:6]
INFO: [Synth 8-6155] done synthesizing module 'bd_0_hls_inst_0' (1#1) [F:/Hardware_Implementation/predict_function_hardware_hls/solution1/impl/verilog/project.runs/synth_1/.Xil/Vivado-34160-Lazarus/realtime/bd_0_hls_inst_0_stub.v:6]
INFO: [Synth 8-6155] done synthesizing module 'bd_0' (2#1) [F:/Hardware_Implementation/predict_function_hardware_hls/solution1/impl/verilog/project.srcs/sources_1/bd/bd_0/synth/bd_0.v:13]
INFO: [Synth 8-6155] done synthesizing module 'bd_0_wrapper' (3#1) [F:/Hardware_Implementation/predict_function_hardware_hls/solution1/impl/verilog/project.srcs/sources_1/bd/bd_0/hdl/bd_0_wrapper.v:12]
---------------------------------------------------------------------------------
Finished RTL Elaboration : Time (s): cpu = 00:00:09 ; elapsed = 00:00:09 . Memory (MB): peak = 799.004 ; gain = 242.246
---------------------------------------------------------------------------------

Report Check Netlist: 
+------+------------------+-------+---------+-------+------------------+
|      |Item              |Errors |Warnings |Status |Description       |
+------+------------------+-------+---------+-------+------------------+
|1     |multi_driven_nets |      0|        0|Passed |Multi driven nets |
+------+------------------+-------+---------+-------+------------------+
---------------------------------------------------------------------------------
Start Handling Custom Attributes
---------------------------------------------------------------------------------
---------------------------------------------------------------------------------
Finished Handling Custom Attributes : Time (s): cpu = 00:00:09 ; elapsed = 00:00:09 . Memory (MB): peak = 799.004 ; gain = 242.246
---------------------------------------------------------------------------------
---------------------------------------------------------------------------------
Finished RTL Optimization Phase 1 : Time (s): cpu = 00:00:09 ; elapsed = 00:00:09 . Memory (MB): peak = 799.004 ; gain = 242.246
---------------------------------------------------------------------------------
INFO: [Project 1-570] Preparing netlist for logic optimization

Processing XDC Constraints
Initializing timing engine
Parsing XDC File [f:/Hardware_Implementation/predict_function_hardware_hls/solution1/impl/verilog/project.srcs/sources_1/bd/bd_0/ip/bd_0_hls_inst_0/bd_0_hls_inst_0/bd_0_hls_inst_0_in_context.xdc] for cell 'bd_0_i/hls_inst'
Finished Parsing XDC File [f:/Hardware_Implementation/predict_function_hardware_hls/solution1/impl/verilog/project.srcs/sources_1/bd/bd_0/ip/bd_0_hls_inst_0/bd_0_hls_inst_0/bd_0_hls_inst_0_in_context.xdc] for cell 'bd_0_i/hls_inst'
Parsing XDC File [F:/Hardware_Implementation/predict_function_hardware_hls/solution1/impl/verilog/predict_function.xdc]
Finished Parsing XDC File [F:/Hardware_Implementation/predict_function_hardware_hls/solution1/impl/verilog/predict_function.xdc]
Parsing XDC File [F:/Hardware_Implementation/predict_function_hardware_hls/solution1/impl/verilog/project.runs/synth_1/dont_touch.xdc]
Finished Parsing XDC File [F:/Hardware_Implementation/predict_function_hardware_hls/solution1/impl/verilog/project.runs/synth_1/dont_touch.xdc]
Completed Processing XDC Constraints

Netlist sorting complete. Time (s): cpu = 00:00:00 ; elapsed = 00:00:00 . Memory (MB): peak = 830.059 ; gain = 0.000
INFO: [Project 1-111] Unisim Transformation Summary:
No Unisim elements were transformed.

Constraint Validation Runtime : Time (s): cpu = 00:00:00 ; elapsed = 00:00:00.097 . Memory (MB): peak = 841.727 ; gain = 11.668
---------------------------------------------------------------------------------
Finished Constraint Validation : Time (s): cpu = 00:00:20 ; elapsed = 00:00:21 . Memory (MB): peak = 841.727 ; gain = 284.969
---------------------------------------------------------------------------------
---------------------------------------------------------------------------------
Start Loading Part and Timing Information
---------------------------------------------------------------------------------
Loading part: xc7z020clg400-1
---------------------------------------------------------------------------------
Finished Loading Part and Timing Information : Time (s): cpu = 00:00:20 ; elapsed = 00:00:21 . Memory (MB): peak = 841.727 ; gain = 284.969
---------------------------------------------------------------------------------
---------------------------------------------------------------------------------
Start Applying 'set_property' XDC Constraints
---------------------------------------------------------------------------------
Applied set_property DONT_TOUCH = true for bd_0_i. (constraint file  auto generated constraint, line ).
Applied set_property DONT_TOUCH = true for bd_0_i/hls_inst. (constraint file  auto generated constraint, line ).
---------------------------------------------------------------------------------
Finished applying 'set_property' XDC Constraints : Time (s): cpu = 00:00:20 ; elapsed = 00:00:21 . Memory (MB): peak = 841.727 ; gain = 284.969
---------------------------------------------------------------------------------
---------------------------------------------------------------------------------
Finished RTL Optimization Phase 2 : Time (s): cpu = 00:00:20 ; elapsed = 00:00:21 . Memory (MB): peak = 841.727 ; gain = 284.969
---------------------------------------------------------------------------------

Report RTL Partitions: 
+-+--------------+------------+----------+
| |RTL Partition |Replication |Instances |
+-+--------------+------------+----------+
+-+--------------+------------+----------+
---------------------------------------------------------------------------------
Start RTL Component Statistics 
---------------------------------------------------------------------------------
Detailed RTL Component Info : 
---------------------------------------------------------------------------------
Finished RTL Component Statistics 
---------------------------------------------------------------------------------
---------------------------------------------------------------------------------
Start RTL Hierarchical Component Statistics 
---------------------------------------------------------------------------------
Hierarchical RTL Component report 
---------------------------------------------------------------------------------
Finished RTL Hierarchical Component Statistics
---------------------------------------------------------------------------------
---------------------------------------------------------------------------------
Start Part Resource Summary
---------------------------------------------------------------------------------
Part Resources:
DSPs: 220 (col length:60)
BRAMs: 280 (col length: RAMB18 60 RAMB36 30)
---------------------------------------------------------------------------------
Finished Part Resource Summary
---------------------------------------------------------------------------------
---------------------------------------------------------------------------------
Start Cross Boundary and Area Optimization
---------------------------------------------------------------------------------
Warning: Parallel synthesis criteria is not met 
---------------------------------------------------------------------------------
Finished Cross Boundary and Area Optimization : Time (s): cpu = 00:00:22 ; elapsed = 00:00:23 . Memory (MB): peak = 841.727 ; gain = 284.969
---------------------------------------------------------------------------------

Report RTL Partitions: 
+-+--------------+------------+----------+
| |RTL Partition |Replication |Instances |
+-+--------------+------------+----------+
+-+--------------+------------+----------+
---------------------------------------------------------------------------------
Start Applying XDC Timing Constraints
---------------------------------------------------------------------------------
---------------------------------------------------------------------------------
Finished Applying XDC Timing Constraints : Time (s): cpu = 00:00:37 ; elapsed = 00:00:38 . Memory (MB): peak = 884.633 ; gain = 327.875
---------------------------------------------------------------------------------
---------------------------------------------------------------------------------
Start Timing Optimization
---------------------------------------------------------------------------------
---------------------------------------------------------------------------------
Finished Timing Optimization : Time (s): cpu = 00:00:37 ; elapsed = 00:00:38 . Memory (MB): peak = 884.707 ; gain = 327.949
---------------------------------------------------------------------------------

Report RTL Partitions: 
+-+--------------+------------+----------+
| |RTL Partition |Replication |Instances |
+-+--------------+------------+----------+
+-+--------------+------------+----------+
---------------------------------------------------------------------------------
Start Technology Mapping
---------------------------------------------------------------------------------
---------------------------------------------------------------------------------
Finished Technology Mapping : Time (s): cpu = 00:00:37 ; elapsed = 00:00:39 . Memory (MB): peak = 894.465 ; gain = 337.707
---------------------------------------------------------------------------------

Report RTL Partitions: 
+-+--------------+------------+----------+
| |RTL Partition |Replication |Instances |
+-+--------------+------------+----------+
+-+--------------+------------+----------+
---------------------------------------------------------------------------------
Start IO Insertion
---------------------------------------------------------------------------------
---------------------------------------------------------------------------------
Start Flattening Before IO Insertion
---------------------------------------------------------------------------------
---------------------------------------------------------------------------------
Finished Flattening Before IO Insertion
---------------------------------------------------------------------------------
---------------------------------------------------------------------------------
Start Final Netlist Cleanup
---------------------------------------------------------------------------------
---------------------------------------------------------------------------------
Finished Final Netlist Cleanup
---------------------------------------------------------------------------------
---------------------------------------------------------------------------------
Finished IO Insertion : Time (s): cpu = 00:00:42 ; elapsed = 00:00:43 . Memory (MB): peak = 910.168 ; gain = 353.410
---------------------------------------------------------------------------------

Report Check Netlist: 
+------+------------------+-------+---------+-------+------------------+
|      |Item              |Errors |Warnings |Status |Description       |
+------+------------------+-------+---------+-------+------------------+
|1     |multi_driven_nets |      0|        0|Passed |Multi driven nets |
+------+------------------+-------+---------+-------+------------------+
---------------------------------------------------------------------------------
Start Renaming Generated Instances
---------------------------------------------------------------------------------
---------------------------------------------------------------------------------
Finished Renaming Generated Instances : Time (s): cpu = 00:00:42 ; elapsed = 00:00:43 . Memory (MB): peak = 910.168 ; gain = 353.410
---------------------------------------------------------------------------------

Report RTL Partitions: 
+-+--------------+------------+----------+
| |RTL Partition |Replication |Instances |
+-+--------------+------------+----------+
+-+--------------+------------+----------+
---------------------------------------------------------------------------------
Start Rebuilding User Hierarchy
---------------------------------------------------------------------------------
---------------------------------------------------------------------------------
Finished Rebuilding User Hierarchy : Time (s): cpu = 00:00:42 ; elapsed = 00:00:43 . Memory (MB): peak = 910.168 ; gain = 353.410
---------------------------------------------------------------------------------
---------------------------------------------------------------------------------
Start Renaming Generated Ports
---------------------------------------------------------------------------------
---------------------------------------------------------------------------------
Finished Renaming Generated Ports : Time (s): cpu = 00:00:42 ; elapsed = 00:00:43 . Memory (MB): peak = 910.168 ; gain = 353.410
---------------------------------------------------------------------------------
---------------------------------------------------------------------------------
Start Handling Custom Attributes
---------------------------------------------------------------------------------
---------------------------------------------------------------------------------
Finished Handling Custom Attributes : Time (s): cpu = 00:00:42 ; elapsed = 00:00:43 . Memory (MB): peak = 910.168 ; gain = 353.410
---------------------------------------------------------------------------------
---------------------------------------------------------------------------------
Start Renaming Generated Nets
---------------------------------------------------------------------------------
---------------------------------------------------------------------------------
Finished Renaming Generated Nets : Time (s): cpu = 00:00:42 ; elapsed = 00:00:43 . Memory (MB): peak = 910.168 ; gain = 353.410
---------------------------------------------------------------------------------
---------------------------------------------------------------------------------
Start Writing Synthesis Report
---------------------------------------------------------------------------------

Report BlackBoxes: 
+------+----------------+----------+
|      |BlackBox name   |Instances |
+------+----------------+----------+
|1     |bd_0_hls_inst_0 |         1|
+------+----------------+----------+

Report Cell Usage: 
+------+----------------+------+
|      |Cell            |Count |
+------+----------------+------+
|1     |bd_0_hls_inst_0 |     1|
+------+----------------+------+

Report Instance Areas: 
+------+---------+-------+------+
|      |Instance |Module |Cells |
+------+---------+-------+------+
|1     |top      |       |   101|
|2     |  bd_0_i |bd_0   |   101|
+------+---------+-------+------+
---------------------------------------------------------------------------------
Finished Writing Synthesis Report : Time (s): cpu = 00:00:42 ; elapsed = 00:00:43 . Memory (MB): peak = 910.168 ; gain = 353.410
---------------------------------------------------------------------------------
Synthesis finished with 0 errors, 0 critical warnings and 0 warnings.
Synthesis Optimization Runtime : Time (s): cpu = 00:00:29 ; elapsed = 00:00:38 . Memory (MB): peak = 910.168 ; gain = 310.688
Synthesis Optimization Complete : Time (s): cpu = 00:00:42 ; elapsed = 00:00:43 . Memory (MB): peak = 910.168 ; gain = 353.410
INFO: [Project 1-571] Translating synthesized netlist
INFO: [Project 1-570] Preparing netlist for logic optimization
INFO: [Opt 31-138] Pushed 0 inverter(s) to 0 load pin(s).
Netlist sorting complete. Time (s): cpu = 00:00:00 ; elapsed = 00:00:00 . Memory (MB): peak = 931.195 ; gain = 0.000
INFO: [Project 1-111] Unisim Transformation Summary:
No Unisim elements were transformed.

INFO: [Common 17-83] Releasing license: Synthesis
18 Infos, 1 Warnings, 0 Critical Warnings and 0 Errors encountered.
synth_design completed successfully
synth_design: Time (s): cpu = 00:00:51 ; elapsed = 00:00:55 . Memory (MB): peak = 931.195 ; gain = 635.777
Netlist sorting complete. Time (s): cpu = 00:00:00 ; elapsed = 00:00:00 . Memory (MB): peak = 931.195 ; gain = 0.000
WARNING: [Constraints 18-5210] No constraints selected for write.
Resolution: This message can indicate that there are no constraints for the design, or it can indicate that the used_in flags are set such that the constraints are ignored. This later case is used when running synth_design to not write synthesis constraints to the resulting checkpoint. Instead, project constraints are read when the synthesized design is opened.
INFO: [Common 17-1381] The checkpoint 'F:/Hardware_Implementation/predict_function_hardware_hls/solution1/impl/verilog/project.runs/synth_1/bd_0_wrapper.dcp' has been generated.
INFO: [runtcl-4] Executing : report_utilization -file bd_0_wrapper_utilization_synth.rpt -pb bd_0_wrapper_utilization_synth.pb
INFO: [Common 17-206] Exiting Vivado at Thu Aug  1 03:47:10 2019...
[Thu Aug  1 03:47:15 2019] synth_1 finished
wait_on_run: Time (s): cpu = 00:00:02 ; elapsed = 00:25:25 . Memory (MB): peak = 495.523 ; gain = 0.000
Design is defaulting to impl run constrset: constrs_1
Design is defaulting to synth run part: xc7z020clg400-1
INFO: [Device 21-403] Loading part xc7z020clg400-1
INFO: [Project 1-454] Reading design checkpoint 'f:/Hardware_Implementation/predict_function_hardware_hls/solution1/impl/verilog/project.srcs/sources_1/bd/bd_0/ip/bd_0_hls_inst_0/bd_0_hls_inst_0.dcp' for cell 'bd_0_i/hls_inst'
INFO: [Netlist 29-17] Analyzing 4670 Unisim elements for replacement
INFO: [Netlist 29-28] Unisim Transformation completed in 0 CPU seconds
INFO: [Project 1-479] Netlist was created with Vivado 2019.1
INFO: [Project 1-570] Preparing netlist for logic optimization
Parsing XDC File [F:/Hardware_Implementation/predict_function_hardware_hls/solution1/impl/verilog/predict_function.xdc]
Finished Parsing XDC File [F:/Hardware_Implementation/predict_function_hardware_hls/solution1/impl/verilog/predict_function.xdc]
INFO: [Opt 31-138] Pushed 0 inverter(s) to 0 load pin(s).
Netlist sorting complete. Time (s): cpu = 00:00:00 ; elapsed = 00:00:00.018 . Memory (MB): peak = 891.535 ; gain = 0.000
INFO: [Project 1-111] Unisim Transformation Summary:
No Unisim elements were transformed.

open_run: Time (s): cpu = 00:00:27 ; elapsed = 00:00:30 . Memory (MB): peak = 891.535 ; gain = 396.012
Running report: report_utilization -file ./report/predict_function_utilization_synth.rpt
Contents of report file './report/predict_function_utilization_synth.rpt' is as follows:
Copyright 1986-2019 Xilinx, Inc. All Rights Reserved.
------------------------------------------------------------------------------------------
| Tool Version : Vivado v.2019.1 (win64) Build 2552052 Fri May 24 14:49:42 MDT 2019
| Date         : Thu Aug  1 03:47:46 2019
| Host         : Lazarus running 64-bit major release  (build 9200)
| Command      : report_utilization -file ./report/predict_function_utilization_synth.rpt
| Design       : bd_0_wrapper
| Device       : 7z020clg400-1
| Design State : Synthesized
------------------------------------------------------------------------------------------

Utilization Design Information

Table of Contents
-----------------
1. Slice Logic
1.1 Summary of Registers by Type
2. Memory
3. DSP
4. IO and GT Specific
5. Clocking
6. Specific Feature
7. Primitives
8. Black Boxes
9. Instantiated Netlists

1. Slice Logic
--------------

+----------------------------+-------+-------+-----------+-------+
|          Site Type         |  Used | Fixed | Available | Util% |
+----------------------------+-------+-------+-----------+-------+
| Slice LUTs*                | 18083 |     0 |     53200 | 33.99 |
|   LUT as Logic             | 18030 |     0 |     53200 | 33.89 |
|   LUT as Memory            |    53 |     0 |     17400 |  0.30 |
|     LUT as Distributed RAM |     0 |     0 |           |       |
|     LUT as Shift Register  |    53 |     0 |           |       |
| Slice Registers            |  4750 |     0 |    106400 |  4.46 |
|   Register as Flip Flop    |  4750 |     0 |    106400 |  4.46 |
|   Register as Latch        |     0 |     0 |    106400 |  0.00 |
| F7 Muxes                   |   235 |     0 |     26600 |  0.88 |
| F8 Muxes                   |     2 |     0 |     13300 |  0.02 |
+----------------------------+-------+-------+-----------+-------+
* Warning! The Final LUT count, after physical optimizations and full implementation, is typically lower. Run opt_design after synthesis, if not already completed, for a more realistic count.


1.1 Summary of Registers by Type
--------------------------------

+-------+--------------+-------------+--------------+
| Total | Clock Enable | Synchronous | Asynchronous |
+-------+--------------+-------------+--------------+
| 0     |            _ |           - |            - |
| 0     |            _ |           - |          Set |
| 0     |            _ |           - |        Reset |
| 0     |            _ |         Set |            - |
| 0     |            _ |       Reset |            - |
| 0     |          Yes |           - |            - |
| 0     |          Yes |           - |          Set |
| 0     |          Yes |           - |        Reset |
| 8     |          Yes |         Set |            - |
| 4742  |          Yes |       Reset |            - |
+-------+--------------+-------------+--------------+


2. Memory
---------

+-------------------+-------+-------+-----------+-------+
|     Site Type     |  Used | Fixed | Available | Util% |
+-------------------+-------+-------+-----------+-------+
| Block RAM Tile    | 105.5 |     0 |       140 | 75.36 |
|   RAMB36/FIFO*    |   105 |     0 |       140 | 75.00 |
|     RAMB36E1 only |   105 |       |           |       |
|   RAMB18          |     1 |     0 |       280 |  0.36 |
|     RAMB18E1 only |     1 |       |           |       |
+-------------------+-------+-------+-----------+-------+
* Note: Each Block RAM Tile only has one FIFO logic available and therefore can accommodate only one FIFO36E1 or one FIFO18E1. However, if a FIFO18E1 occupies a Block RAM Tile, that tile can still accommodate a RAMB18E1


3. DSP
------

+----------------+------+-------+-----------+-------+
|    Site Type   | Used | Fixed | Available | Util% |
+----------------+------+-------+-----------+-------+
| DSPs           |   12 |     0 |       220 |  5.45 |
|   DSP48E1 only |   12 |       |           |       |
+----------------+------+-------+-----------+-------+


4. IO and GT Specific
---------------------

+-----------------------------+------+-------+-----------+-------+
|          Site Type          | Used | Fixed | Available | Util% |
+-----------------------------+------+-------+-----------+-------+
| Bonded IOB                  |    0 |     0 |       125 |  0.00 |
| Bonded IPADs                |    0 |     0 |         2 |  0.00 |
| Bonded IOPADs               |    0 |     0 |       130 |  0.00 |
| PHY_CONTROL                 |    0 |     0 |         4 |  0.00 |
| PHASER_REF                  |    0 |     0 |         4 |  0.00 |
| OUT_FIFO                    |    0 |     0 |        16 |  0.00 |
| IN_FIFO                     |    0 |     0 |        16 |  0.00 |
| IDELAYCTRL                  |    0 |     0 |         4 |  0.00 |
| IBUFDS                      |    0 |     0 |       121 |  0.00 |
| PHASER_OUT/PHASER_OUT_PHY   |    0 |     0 |        16 |  0.00 |
| PHASER_IN/PHASER_IN_PHY     |    0 |     0 |        16 |  0.00 |
| IDELAYE2/IDELAYE2_FINEDELAY |    0 |     0 |       200 |  0.00 |
| ILOGIC                      |    0 |     0 |       125 |  0.00 |
| OLOGIC                      |    0 |     0 |       125 |  0.00 |
+-----------------------------+------+-------+-----------+-------+


5. Clocking
-----------

+------------+------+-------+-----------+-------+
|  Site Type | Used | Fixed | Available | Util% |
+------------+------+-------+-----------+-------+
| BUFGCTRL   |    0 |     0 |        32 |  0.00 |
| BUFIO      |    0 |     0 |        16 |  0.00 |
| MMCME2_ADV |    0 |     0 |         4 |  0.00 |
| PLLE2_ADV  |    0 |     0 |         4 |  0.00 |
| BUFMRCE    |    0 |     0 |         8 |  0.00 |
| BUFHCE     |    0 |     0 |        72 |  0.00 |
| BUFR       |    0 |     0 |        16 |  0.00 |
+------------+------+-------+-----------+-------+


6. Specific Feature
-------------------

+-------------+------+-------+-----------+-------+
|  Site Type  | Used | Fixed | Available | Util% |
+-------------+------+-------+-----------+-------+
| BSCANE2     |    0 |     0 |         4 |  0.00 |
| CAPTUREE2   |    0 |     0 |         1 |  0.00 |
| DNA_PORT    |    0 |     0 |         1 |  0.00 |
| EFUSE_USR   |    0 |     0 |         1 |  0.00 |
| FRAME_ECCE2 |    0 |     0 |         1 |  0.00 |
| ICAPE2      |    0 |     0 |         2 |  0.00 |
| STARTUPE2   |    0 |     0 |         1 |  0.00 |
| XADC        |    0 |     0 |         1 |  0.00 |
+-------------+------+-------+-----------+-------+


7. Primitives
-------------

+----------+-------+---------------------+
| Ref Name |  Used | Functional Category |
+----------+-------+---------------------+
| LUT6     | 10001 |                 LUT |
| FDRE     |  4742 |        Flop & Latch |
| CARRY4   |  4315 |          CarryLogic |
| LUT1     |  3374 |                 LUT |
| LUT5     |  2490 |                 LUT |
| LUT3     |  1244 |                 LUT |
| LUT4     |  1030 |                 LUT |
| LUT2     |   956 |                 LUT |
| MUXF7    |   235 |               MuxFx |
| RAMB36E1 |   105 |        Block Memory |
| SRL16E   |    53 |  Distributed Memory |
| DSP48E1  |    12 |    Block Arithmetic |
| FDSE     |     8 |        Flop & Latch |
| MUXF8    |     2 |               MuxFx |
| RAMB18E1 |     1 |        Block Memory |
+----------+-------+---------------------+


8. Black Boxes
--------------

+----------+------+
| Ref Name | Used |
+----------+------+


9. Instantiated Netlists
------------------------

+-----------------+------+
|     Ref Name    | Used |
+-----------------+------+
| bd_0_hls_inst_0 |    1 |
+-----------------+------+



Running report: report_timing_summary -file ./report/predict_function_timing_synth.rpt
INFO: [Timing 38-35] Done setting XDC timing constraints.
INFO: [Timing 38-91] UpdateTimingParams: Speed grade: -1, Delay Type: min_max.
INFO: [Timing 38-191] Multithreading enabled for timing update using a maximum of 2 CPUs
WARNING: [Timing 38-242] The property HD.CLK_SRC of clock port "ap_clk" is not set. In out-of-context mode, this prevents timing estimation for clock delay/skew
Resolution: Set the HD.CLK_SRC property of the out-of-context port to the location of the clock buffer instance in the top-level design
report_timing_summary: Time (s): cpu = 00:00:34 ; elapsed = 00:00:29 . Memory (MB): peak = 1483.234 ; gain = 591.699
Contents of report file './report/predict_function_timing_synth.rpt' is as follows:
Copyright 1986-2019 Xilinx, Inc. All Rights Reserved.
----------------------------------------------------------------------------------------
| Tool Version : Vivado v.2019.1 (win64) Build 2552052 Fri May 24 14:49:42 MDT 2019
| Date         : Thu Aug  1 03:48:16 2019
| Host         : Lazarus running 64-bit major release  (build 9200)
| Command      : report_timing_summary -file ./report/predict_function_timing_synth.rpt
| Design       : bd_0_wrapper
| Device       : 7z020-clg400
| Speed File   : -1  PRODUCTION 1.11 2014-09-11
----------------------------------------------------------------------------------------

Timing Summary Report

------------------------------------------------------------------------------------------------
| Timer Settings
| --------------
------------------------------------------------------------------------------------------------

  Enable Multi Corner Analysis               :  Yes
  Enable Pessimism Removal                   :  Yes
  Pessimism Removal Resolution               :  Nearest Common Node
  Enable Input Delay Default Clock           :  No
  Enable Preset / Clear Arcs                 :  No
  Disable Flight Delays                      :  No
  Ignore I/O Paths                           :  No
  Timing Early Launch at Borrowing Latches   :  No
  Borrow Time for Max Delay Exceptions       :  Yes

  Corner  Analyze    Analyze    
  Name    Max Paths  Min Paths  
  ------  ---------  ---------  
  Slow    Yes        Yes        
  Fast    Yes        Yes        



check_timing report

Table of Contents
-----------------
1. checking no_clock
2. checking constant_clock
3. checking pulse_width_clock
4. checking unconstrained_internal_endpoints
5. checking no_input_delay
6. checking no_output_delay
7. checking multiple_clock
8. checking generated_clocks
9. checking loops
10. checking partial_input_delay
11. checking partial_output_delay
12. checking latch_loops

1. checking no_clock
--------------------
 There are 0 register/latch pins with no clock.


2. checking constant_clock
--------------------------
 There are 0 register/latch pins with constant_clock.


3. checking pulse_width_clock
-----------------------------
 There are 0 register/latch pins which need pulse_width check


4. checking unconstrained_internal_endpoints
--------------------------------------------
 There are 0 pins that are not constrained for maximum delay.

 There are 0 pins that are not constrained for maximum delay due to constant clock.


5. checking no_input_delay
--------------------------
 There are 154 input ports with no input delay specified. (HIGH)

 There are 0 input ports with no input delay but user has a false path constraint.


6. checking no_output_delay
---------------------------
 There are 75 ports with no output delay specified. (HIGH)

 There are 0 ports with no output delay but user has a false path constraint

 There are 0 ports with no output delay but with a timing clock defined on it or propagating through it


7. checking multiple_clock
--------------------------
 There are 0 register/latch pins with multiple clocks.


8. checking generated_clocks
----------------------------
 There are 0 generated clocks that are not connected to a clock source.


9. checking loops
-----------------
 There are 0 combinational loops in the design.


10. checking partial_input_delay
--------------------------------
 There are 0 input ports with partial input delay specified.


11. checking partial_output_delay
---------------------------------
 There are 0 ports with partial output delay specified.


12. checking latch_loops
------------------------
 There are 0 combinational latch loops in the design through latch input



------------------------------------------------------------------------------------------------
| Design Timing Summary
| ---------------------
------------------------------------------------------------------------------------------------

    WNS(ns)      TNS(ns)  TNS Failing Endpoints  TNS Total Endpoints      WHS(ns)      THS(ns)  THS Failing Endpoints  THS Total Endpoints     WPWS(ns)     TPWS(ns)  TPWS Failing Endpoints  TPWS Total Endpoints  
    -------      -------  ---------------------  -------------------      -------      -------  ---------------------  -------------------     --------     --------  ----------------------  --------------------  
     -1.226     -641.201                   1312                10879        0.219        0.000                      0                10879        4.020        0.000                       0                  4915  


Timing constraints are not met.


------------------------------------------------------------------------------------------------
| Clock Summary
| -------------
------------------------------------------------------------------------------------------------

Clock   Waveform(ns)       Period(ns)      Frequency(MHz)
-----   ------------       ----------      --------------
ap_clk  {0.000 5.000}      10.000          100.000         


------------------------------------------------------------------------------------------------
| Intra Clock Table
| -----------------
------------------------------------------------------------------------------------------------

Clock             WNS(ns)      TNS(ns)  TNS Failing Endpoints  TNS Total Endpoints      WHS(ns)      THS(ns)  THS Failing Endpoints  THS Total Endpoints     WPWS(ns)     TPWS(ns)  TPWS Failing Endpoints  TPWS Total Endpoints  
-----             -------      -------  ---------------------  -------------------      -------      -------  ---------------------  -------------------     --------     --------  ----------------------  --------------------  
ap_clk             -1.226     -641.201                   1312                10879        0.219        0.000                      0                10879        4.020        0.000                       0                  4915  


------------------------------------------------------------------------------------------------
| Inter Clock Table
| -----------------
------------------------------------------------------------------------------------------------

From Clock    To Clock          WNS(ns)      TNS(ns)  TNS Failing Endpoints  TNS Total Endpoints      WHS(ns)      THS(ns)  THS Failing Endpoints  THS Total Endpoints  
----------    --------          -------      -------  ---------------------  -------------------      -------      -------  ---------------------  -------------------  


------------------------------------------------------------------------------------------------
| Other Path Groups Table
| -----------------------
------------------------------------------------------------------------------------------------

Path Group    From Clock    To Clock          WNS(ns)      TNS(ns)  TNS Failing Endpoints  TNS Total Endpoints      WHS(ns)      THS(ns)  THS Failing Endpoints  THS Total Endpoints  
----------    ----------    --------          -------      -------  ---------------------  -------------------      -------      -------  ---------------------  -------------------  


------------------------------------------------------------------------------------------------
| Timing Details
| --------------
------------------------------------------------------------------------------------------------


---------------------------------------------------------------------------------------------------
From Clock:  ap_clk
  To Clock:  ap_clk

Setup :         1312  Failing Endpoints,  Worst Slack       -1.226ns,  Total Violation     -641.201ns
Hold  :            0  Failing Endpoints,  Worst Slack        0.219ns,  Total Violation        0.000ns
PW    :            0  Failing Endpoints,  Worst Slack        4.020ns,  Total Violation        0.000ns
---------------------------------------------------------------------------------------------------


Max Delay Paths
--------------------------------------------------------------------------------------
Slack (VIOLATED) :        -1.226ns  (required time - arrival time)
  Source:                 bd_0_i/hls_inst/inst/phi_mul_reg_10423_reg[4]_rep__4/C
                            (rising edge-triggered cell FDRE clocked by ap_clk  {rise@0.000ns fall@5.000ns period=10.000ns})
  Destination:            bd_0_i/hls_inst/inst/input_buf_U/predict_function_bkb_ram_U/ram_reg_1_0__0/WEA[0]
                            (rising edge-triggered cell RAMB36E1 clocked by ap_clk  {rise@0.000ns fall@5.000ns period=10.000ns})
  Path Group:             ap_clk
  Path Type:              Setup (Max at Slow Process Corner)
  Requirement:            10.000ns  (ap_clk rise@10.000ns - ap_clk rise@0.000ns)
  Data Path Delay:        10.610ns  (logic 2.848ns (26.843%)  route 7.762ns (73.157%))
  Logic Levels:           12  (CARRY4=4 LUT3=1 LUT4=1 LUT5=3 LUT6=3)
  Clock Path Skew:        -0.049ns (DCD - SCD + CPR)
    Destination Clock Delay (DCD):    0.924ns = ( 10.924 - 10.000 ) 
    Source Clock Delay      (SCD):    0.973ns
    Clock Pessimism Removal (CPR):    0.000ns
  Clock Uncertainty:      0.035ns  ((TSJ^2 + TIJ^2)^1/2 + DJ) / 2 + PE
    Total System Jitter     (TSJ):    0.071ns
    Total Input Jitter      (TIJ):    0.000ns
    Discrete Jitter          (DJ):    0.000ns
    Phase Error              (PE):    0.000ns

    Location             Delay type                Incr(ns)  Path(ns)    Netlist Resource(s)
  -------------------------------------------------------------------    -------------------
                         (clock ap_clk rise edge)     0.000     0.000 r  
                                                      0.000     0.000 r  ap_clk (IN)
                         net (fo=4922, unset)         0.973     0.973    bd_0_i/hls_inst/inst/ap_clk
                         FDRE                                         r  bd_0_i/hls_inst/inst/phi_mul_reg_10423_reg[4]_rep__4/C
  -------------------------------------------------------------------    -------------------
                         FDRE (Prop_fdre_C_Q)         0.518     1.491 r  bd_0_i/hls_inst/inst/phi_mul_reg_10423_reg[4]_rep__4/Q
                         net (fo=120, unplaced)       1.087     2.578    bd_0_i/hls_inst/inst/phi_mul_reg_10423_reg[4]_rep__4_n_3
                         CARRY4 (Prop_carry4_S[3]_CO[3])
                                                      0.671     3.249 r  bd_0_i/hls_inst/inst/ram_reg_0_0_i_14687/CO[3]
                         net (fo=1, unplaced)         0.009     3.258    bd_0_i/hls_inst/inst/ram_reg_0_0_i_14687_n_3
                         CARRY4 (Prop_carry4_CI_CO[3])
                                                      0.117     3.375 r  bd_0_i/hls_inst/inst/ram_reg_0_0_i_12860/CO[3]
                         net (fo=1, unplaced)         0.000     3.375    bd_0_i/hls_inst/inst/ram_reg_0_0_i_12860_n_3
                         CARRY4 (Prop_carry4_CI_CO[3])
                                                      0.117     3.492 r  bd_0_i/hls_inst/inst/ram_reg_0_0_i_11838/CO[3]
                         net (fo=1, unplaced)         0.000     3.492    bd_0_i/hls_inst/inst/ram_reg_0_0_i_11838_n_3
                         CARRY4 (Prop_carry4_CI_O[2])
                                                      0.256     3.748 f  bd_0_i/hls_inst/inst/ram_reg_0_0_i_11031/O[2]
                         net (fo=1, unplaced)         0.905     4.653    bd_0_i/hls_inst/inst/input_buf_U/predict_function_bkb_ram_U/add_ln43_89_fu_12777_p2[13]
                         LUT6 (Prop_lut6_I0_O)        0.301     4.954 f  bd_0_i/hls_inst/inst/input_buf_U/predict_function_bkb_ram_U/ram_reg_0_0_i_5665/O
                         net (fo=1, unplaced)         0.902     5.856    bd_0_i/hls_inst/inst/input_buf_U/predict_function_bkb_ram_U/ram_reg_0_0_i_5665_n_3
                         LUT5 (Prop_lut5_I0_O)        0.124     5.980 f  bd_0_i/hls_inst/inst/input_buf_U/predict_function_bkb_ram_U/ram_reg_0_0_i_2098/O
                         net (fo=1, unplaced)         0.902     6.882    bd_0_i/hls_inst/inst/input_buf_U/predict_function_bkb_ram_U/ram_reg_0_0_i_2098_n_3
                         LUT6 (Prop_lut6_I0_O)        0.124     7.006 f  bd_0_i/hls_inst/inst/input_buf_U/predict_function_bkb_ram_U/ram_reg_0_0_i_747/O
                         net (fo=1, unplaced)         0.419     7.425    bd_0_i/hls_inst/inst/input_buf_U/predict_function_bkb_ram_U/ram_reg_0_0_i_747_n_3
                         LUT4 (Prop_lut4_I0_O)        0.124     7.549 f  bd_0_i/hls_inst/inst/input_buf_U/predict_function_bkb_ram_U/ram_reg_0_0_i_252/O
                         net (fo=1, unplaced)         0.902     8.451    bd_0_i/hls_inst/inst/input_buf_U/predict_function_bkb_ram_U/ram_reg_0_0_i_252_n_3
                         LUT6 (Prop_lut6_I1_O)        0.124     8.575 f  bd_0_i/hls_inst/inst/input_buf_U/predict_function_bkb_ram_U/ram_reg_0_0_i_88/O
                         net (fo=1, unplaced)         0.902     9.477    bd_0_i/hls_inst/inst/input_buf_U/predict_function_bkb_ram_U/ram_reg_0_0_i_88_n_3
                         LUT5 (Prop_lut5_I2_O)        0.124     9.601 r  bd_0_i/hls_inst/inst/input_buf_U/predict_function_bkb_ram_U/ram_reg_0_0_i_25/O
                         net (fo=4, unplaced)         0.443    10.044    bd_0_i/hls_inst/inst/input_buf_U/predict_function_bkb_ram_U/ram_reg_0_0_i_25_n_3
                         LUT5 (Prop_lut5_I3_O)        0.124    10.168 f  bd_0_i/hls_inst/inst/input_buf_U/predict_function_bkb_ram_U/ram_reg_0_24_i_1/O
                         net (fo=33, unplaced)        0.491    10.659    bd_0_i/hls_inst/inst/input_buf_U/predict_function_bkb_ram_U/ram_reg_0_24_i_1_n_3
                         LUT3 (Prop_lut3_I1_O)        0.124    10.783 r  bd_0_i/hls_inst/inst/input_buf_U/predict_function_bkb_ram_U/ram_reg_1_0__0_i_2/O
                         net (fo=8, unplaced)         0.800    11.583    bd_0_i/hls_inst/inst/input_buf_U/predict_function_bkb_ram_U/ram_reg_1_0__0_i_2_n_3
                         RAMB36E1                                     r  bd_0_i/hls_inst/inst/input_buf_U/predict_function_bkb_ram_U/ram_reg_1_0__0/WEA[0]
  -------------------------------------------------------------------    -------------------

                         (clock ap_clk rise edge)    10.000    10.000 r  
                                                      0.000    10.000 r  ap_clk (IN)
                         net (fo=4922, unset)         0.924    10.924    bd_0_i/hls_inst/inst/input_buf_U/predict_function_bkb_ram_U/ap_clk
                         RAMB36E1                                     r  bd_0_i/hls_inst/inst/input_buf_U/predict_function_bkb_ram_U/ram_reg_1_0__0/CLKARDCLK
                         clock pessimism              0.000    10.924    
                         clock uncertainty           -0.035    10.889    
                         RAMB36E1 (Setup_ramb36e1_CLKARDCLK_WEA[0])
                                                     -0.532    10.357    bd_0_i/hls_inst/inst/input_buf_U/predict_function_bkb_ram_U/ram_reg_1_0__0
  -------------------------------------------------------------------
                         required time                         10.357    
                         arrival time                         -11.583    
  -------------------------------------------------------------------
                         slack                                 -1.226    





Min Delay Paths
--------------------------------------------------------------------------------------
Slack (MET) :             0.219ns  (arrival time - required time)
  Source:                 bd_0_i/hls_inst/inst/predict_function_hbi_U3/predict_function_ap_fexp_7_full_dsp_32_u/U0/i_synth/EXP_OP.i_sp_or_dp.OP/i_special_detect/range_overflow_detect/C_CHAIN/CHAIN_GEN[3].CARRYS_DEL.NEED_DEL.CARRYS_FD/C
                            (rising edge-triggered cell FDRE clocked by ap_clk  {rise@0.000ns fall@5.000ns period=10.000ns})
  Destination:            bd_0_i/hls_inst/inst/predict_function_hbi_U3/predict_function_ap_fexp_7_full_dsp_32_u/U0/i_synth/EXP_OP.i_sp_or_dp.OP/i_special_detect/range_overflow_detect/C_CHAIN/CHAIN_GEN[3].CARRYS_DEL.NEED_DEL.CARRYS_DEL/i_pipe/opt_has_pipe.i_pipe[4].pipe_reg[4][0]_srl4/D
                            (rising edge-triggered cell SRL16E clocked by ap_clk  {rise@0.000ns fall@5.000ns period=10.000ns})
  Path Group:             ap_clk
  Path Type:              Hold (Min at Fast Process Corner)
  Requirement:            0.000ns  (ap_clk rise@0.000ns - ap_clk rise@0.000ns)
  Data Path Delay:        0.305ns  (logic 0.164ns (53.808%)  route 0.141ns (46.192%))
  Logic Levels:           0  
  Clock Path Skew:        0.022ns (DCD - SCD - CPR)
    Destination Clock Delay (DCD):    0.432ns
    Source Clock Delay      (SCD):    0.410ns
    Clock Pessimism Removal (CPR):    -0.000ns

    Location             Delay type                Incr(ns)  Path(ns)    Netlist Resource(s)
  -------------------------------------------------------------------    -------------------
                         (clock ap_clk rise edge)     0.000     0.000 r  
                                                      0.000     0.000 r  ap_clk (IN)
                         net (fo=4922, unset)         0.410     0.410    bd_0_i/hls_inst/inst/predict_function_hbi_U3/predict_function_ap_fexp_7_full_dsp_32_u/U0/i_synth/EXP_OP.i_sp_or_dp.OP/i_special_detect/range_overflow_detect/C_CHAIN/aclk
                         FDRE                                         r  bd_0_i/hls_inst/inst/predict_function_hbi_U3/predict_function_ap_fexp_7_full_dsp_32_u/U0/i_synth/EXP_OP.i_sp_or_dp.OP/i_special_detect/range_overflow_detect/C_CHAIN/CHAIN_GEN[3].CARRYS_DEL.NEED_DEL.CARRYS_FD/C
  -------------------------------------------------------------------    -------------------
                         FDRE (Prop_fdre_C_Q)         0.164     0.574 r  bd_0_i/hls_inst/inst/predict_function_hbi_U3/predict_function_ap_fexp_7_full_dsp_32_u/U0/i_synth/EXP_OP.i_sp_or_dp.OP/i_special_detect/range_overflow_detect/C_CHAIN/CHAIN_GEN[3].CARRYS_DEL.NEED_DEL.CARRYS_FD/Q
                         net (fo=1, unplaced)         0.141     0.715    bd_0_i/hls_inst/inst/predict_function_hbi_U3/predict_function_ap_fexp_7_full_dsp_32_u/U0/i_synth/EXP_OP.i_sp_or_dp.OP/i_special_detect/range_overflow_detect/C_CHAIN/CHAIN_GEN[3].CARRYS_DEL.NEED_DEL.CARRYS_DEL/i_pipe/p_0_out
                         SRL16E                                       r  bd_0_i/hls_inst/inst/predict_function_hbi_U3/predict_function_ap_fexp_7_full_dsp_32_u/U0/i_synth/EXP_OP.i_sp_or_dp.OP/i_special_detect/range_overflow_detect/C_CHAIN/CHAIN_GEN[3].CARRYS_DEL.NEED_DEL.CARRYS_DEL/i_pipe/opt_has_pipe.i_pipe[4].pipe_reg[4][0]_srl4/D
  -------------------------------------------------------------------    -------------------

                         (clock ap_clk rise edge)     0.000     0.000 r  
                                                      0.000     0.000 r  ap_clk (IN)
                         net (fo=4922, unset)         0.432     0.432    bd_0_i/hls_inst/inst/predict_function_hbi_U3/predict_function_ap_fexp_7_full_dsp_32_u/U0/i_synth/EXP_OP.i_sp_or_dp.OP/i_special_detect/range_overflow_detect/C_CHAIN/CHAIN_GEN[3].CARRYS_DEL.NEED_DEL.CARRYS_DEL/i_pipe/aclk
                         SRL16E                                       r  bd_0_i/hls_inst/inst/predict_function_hbi_U3/predict_function_ap_fexp_7_full_dsp_32_u/U0/i_synth/EXP_OP.i_sp_or_dp.OP/i_special_detect/range_overflow_detect/C_CHAIN/CHAIN_GEN[3].CARRYS_DEL.NEED_DEL.CARRYS_DEL/i_pipe/opt_has_pipe.i_pipe[4].pipe_reg[4][0]_srl4/CLK
                         clock pessimism              0.000     0.432    
                         SRL16E (Hold_srl16e_CLK_D)
                                                      0.064     0.496    bd_0_i/hls_inst/inst/predict_function_hbi_U3/predict_function_ap_fexp_7_full_dsp_32_u/U0/i_synth/EXP_OP.i_sp_or_dp.OP/i_special_detect/range_overflow_detect/C_CHAIN/CHAIN_GEN[3].CARRYS_DEL.NEED_DEL.CARRYS_DEL/i_pipe/opt_has_pipe.i_pipe[4].pipe_reg[4][0]_srl4
  -------------------------------------------------------------------
                         required time                         -0.496    
                         arrival time                           0.715    
  -------------------------------------------------------------------
                         slack                                  0.219    





Pulse Width Checks
--------------------------------------------------------------------------------------
Clock Name:         ap_clk
Waveform(ns):       { 0.000 5.000 }
Period(ns):         10.000
Sources:            { ap_clk }

Check Type        Corner  Lib Pin             Reference Pin  Required(ns)  Actual(ns)  Slack(ns)  Location  Pin
Min Period        n/a     RAMB18E1/CLKARDCLK  n/a            2.944         10.000      7.056                bd_0_i/hls_inst/inst/result_buf_U/predict_function_eOg_ram_U/ram_reg/CLKARDCLK
Low Pulse Width   Fast    SRL16E/CLK          n/a            0.980         5.000       4.020                bd_0_i/hls_inst/inst/predict_function_hbi_U3/predict_function_ap_fexp_7_full_dsp_32_u/U0/i_synth/EXP_OP.i_sp_or_dp.OP/i_Xi_at_op/i_pipe/opt_has_pipe.i_pipe[3].pipe_reg[3][0]_srl3/CLK
High Pulse Width  Slow    SRL16E/CLK          n/a            0.980         5.000       4.020                bd_0_i/hls_inst/inst/predict_function_hbi_U3/predict_function_ap_fexp_7_full_dsp_32_u/U0/i_synth/EXP_OP.i_sp_or_dp.OP/i_Xi_at_op/i_pipe/opt_has_pipe.i_pipe[3].pipe_reg[3][0]_srl3/CLK




HLS EXTRACTION: calculating BRAM count: (1 bram18) + 2 * (105 bram36)
HLS EXTRACTION: synth area_totals:  0 53200 106400 220 280 0 0
HLS EXTRACTION: synth area_current: 0 18083 4750 12 211 0 53 0 0 0
HLS EXTRACTION: generated F:/Hardware_Implementation/predict_function_hardware_hls/solution1/impl/report/verilog/predict_function_export.xml


Implementation tool: Xilinx Vivado v.2019.1
Project:             predict_function_hardware_hls
Solution:            solution1
Device target:       xc7z020-clg400-1
Report date:         Thu Aug 01 03:48:16 +0200 2019

#=== Post-Synthesis Resource usage ===
SLICE:            0
LUT:          18083
FF:            4750
DSP:             12
BRAM:           211
SRL:             53
#=== Final timing ===
CP required:    10.000
CP achieved post-synthesis:    11.226
Timing not met

HLS EXTRACTION: generated F:/Hardware_Implementation/predict_function_hardware_hls/solution1/impl/report/verilog/predict_function_export.rpt
INFO: [Common 17-206] Exiting Vivado at Thu Aug  1 03:48:16 2019...
